<?xml version="1.0" ?>
<coverage branch-rate="0.5128" branches-covered="80" branches-valid="156" complexity="0" line-rate="0.7491" lines-covered="439" lines-valid="586" timestamp="1596450176366" version="5.1">
	<!-- Generated by coverage.py: https://coverage.readthedocs.io -->
	<!-- Based on https://raw.githubusercontent.com/cobertura/web/master/htdocs/xml/coverage-04.dtd -->
	<sources>
		<source>/app/ska_sdp_lmc</source>
	</sources>
	<packages>
		<package branch-rate="0.5128" complexity="0" line-rate="0.7491" name=".">
			<classes>
				<class branch-rate="1" complexity="0" filename="attributes.py" line-rate="1" name="attributes.py">
					<methods/>
					<lines>
						<line hits="1" number="3"/>
						<line branch="true" condition-coverage="100% (2/2)" hits="1" number="6"/>
						<line hits="1" number="7"/>
						<line hits="1" number="10"/>
						<line hits="1" number="11"/>
						<line hits="1" number="12"/>
						<line hits="1" number="13"/>
						<line hits="1" number="14"/>
						<line branch="true" condition-coverage="100% (2/2)" hits="1" number="17"/>
						<line hits="1" number="18"/>
						<line hits="1" number="21"/>
						<line hits="1" number="22"/>
						<line hits="1" number="23"/>
						<line hits="1" number="24"/>
						<line branch="true" condition-coverage="100% (2/2)" hits="1" number="27"/>
						<line hits="1" number="28"/>
						<line hits="1" number="31"/>
						<line hits="1" number="32"/>
						<line hits="1" number="33"/>
						<line hits="1" number="34"/>
						<line hits="1" number="35"/>
						<line hits="1" number="36"/>
						<line hits="1" number="37"/>
						<line hits="1" number="38"/>
						<line hits="1" number="39"/>
						<line hits="1" number="40"/>
						<line hits="1" number="41"/>
					</lines>
				</class>
				<class branch-rate="0.7333" complexity="0" filename="base.py" line-rate="0.8551" name="base.py">
					<methods/>
					<lines>
						<line hits="1" number="3"/>
						<line hits="1" number="4"/>
						<line hits="1" number="6"/>
						<line hits="1" number="7"/>
						<line hits="1" number="9"/>
						<line hits="1" number="11"/>
						<line hits="1" number="14"/>
						<line hits="1" number="21"/>
						<line hits="1" number="27"/>
						<line hits="1" number="38"/>
						<line hits="1" number="40"/>
						<line hits="1" number="41"/>
						<line hits="1" number="47"/>
						<line hits="0" number="49"/>
						<line hits="1" number="55"/>
						<line hits="1" number="56"/>
						<line branch="true" condition-coverage="50% (1/2)" hits="1" missing-branches="63" number="62"/>
						<line hits="0" number="63"/>
						<line hits="0" number="64"/>
						<line hits="0" number="65"/>
						<line hits="1" number="66"/>
						<line branch="true" condition-coverage="50% (1/2)" hits="1" missing-branches="68" number="67"/>
						<line hits="0" number="68"/>
						<line hits="1" number="70"/>
						<line hits="1" number="71"/>
						<line hits="1" number="73"/>
						<line hits="1" number="74"/>
						<line branch="true" condition-coverage="50% (1/2)" hits="1" missing-branches="82" number="81"/>
						<line hits="0" number="82"/>
						<line hits="0" number="83"/>
						<line hits="0" number="84"/>
						<line hits="1" number="85"/>
						<line hits="1" number="91"/>
						<line hits="1" number="98"/>
						<line hits="1" number="100"/>
						<line branch="true" condition-coverage="50% (1/2)" hits="1" missing-branches="111" number="109"/>
						<line hits="1" number="110"/>
						<line hits="1" number="111"/>
						<line branch="true" condition-coverage="50% (1/2)" hits="1" missing-branches="114" number="112"/>
						<line hits="1" number="113"/>
						<line hits="1" number="114"/>
						<line hits="1" number="116"/>
						<line hits="1" number="131"/>
						<line hits="1" number="132"/>
						<line hits="1" number="134"/>
						<line branch="true" condition-coverage="100% (2/2)" hits="1" number="143"/>
						<line hits="1" number="144"/>
						<line hits="1" number="147"/>
						<line hits="1" number="149"/>
						<line branch="true" condition-coverage="50% (1/2)" hits="1" missing-branches="159" number="152"/>
						<line branch="true" condition-coverage="100% (2/2)" hits="1" number="153"/>
						<line hits="1" number="154"/>
						<line hits="1" number="155"/>
						<line branch="true" condition-coverage="100% (2/2)" hits="1" number="159"/>
						<line branch="true" condition-coverage="100% (2/2)" hits="1" number="160"/>
						<line hits="1" number="161"/>
						<line hits="1" number="162"/>
						<line branch="true" condition-coverage="100% (2/2)" hits="1" number="166"/>
						<line hits="1" number="167"/>
						<line branch="true" condition-coverage="100% (2/2)" hits="1" number="168"/>
						<line hits="1" number="169"/>
						<line branch="true" condition-coverage="50% (1/2)" hits="1" missing-branches="171" number="170"/>
						<line hits="0" number="171"/>
						<line hits="0" number="172"/>
						<line branch="true" condition-coverage="50% (1/2)" hits="1" missing-branches="181" number="175"/>
						<line branch="true" condition-coverage="100% (2/2)" hits="1" number="176"/>
						<line hits="1" number="177"/>
						<line hits="1" number="178"/>
						<line hits="1" number="181"/>
					</lines>
				</class>
				<class branch-rate="0" complexity="0" filename="master.py" line-rate="0.4211" name="master.py">
					<methods/>
					<lines>
						<line hits="1" number="3"/>
						<line hits="1" number="4"/>
						<line hits="1" number="5"/>
						<line hits="1" number="7"/>
						<line hits="1" number="8"/>
						<line hits="1" number="10"/>
						<line hits="1" number="12"/>
						<line hits="1" number="13"/>
						<line hits="1" number="14"/>
						<line hits="1" number="16"/>
						<line hits="1" number="19"/>
						<line hits="1" number="29"/>
						<line hits="1" number="40"/>
						<line hits="1" number="42"/>
						<line hits="1" number="43"/>
						<line hits="1" number="44"/>
						<line hits="1" number="46"/>
						<line hits="1" number="47"/>
						<line hits="1" number="48"/>
						<line hits="1" number="50"/>
						<line hits="1" number="55"/>
						<line hits="1" number="64"/>
						<line hits="0" number="69"/>
						<line hits="1" number="75"/>
						<line hits="0" number="77"/>
						<line hits="1" number="82"/>
						<line hits="0" number="85"/>
						<line hits="0" number="86"/>
						<line hits="0" number="87"/>
						<line hits="0" number="88"/>
						<line hits="0" number="89"/>
						<line hits="0" number="90"/>
						<line hits="0" number="91"/>
						<line hits="1" number="93"/>
						<line hits="0" number="95"/>
						<line hits="1" number="100"/>
						<line hits="0" number="103"/>
						<line hits="0" number="104"/>
						<line hits="0" number="105"/>
						<line hits="0" number="106"/>
						<line hits="0" number="107"/>
						<line hits="0" number="108"/>
						<line hits="0" number="109"/>
						<line hits="1" number="111"/>
						<line hits="0" number="113"/>
						<line hits="1" number="118"/>
						<line hits="0" number="121"/>
						<line hits="0" number="122"/>
						<line hits="0" number="123"/>
						<line hits="0" number="124"/>
						<line hits="0" number="125"/>
						<line hits="0" number="126"/>
						<line hits="0" number="127"/>
						<line hits="1" number="129"/>
						<line hits="0" number="131"/>
						<line hits="1" number="136"/>
						<line hits="0" number="139"/>
						<line hits="0" number="140"/>
						<line hits="0" number="141"/>
						<line hits="0" number="142"/>
						<line hits="0" number="143"/>
						<line hits="0" number="144"/>
						<line hits="0" number="145"/>
						<line hits="1" number="151"/>
						<line hits="0" number="162"/>
						<line branch="true" condition-coverage="0% (0/2)" hits="0" missing-branches="166,170" number="164"/>
						<line hits="0" number="166"/>
						<line hits="0" number="167"/>
						<line hits="0" number="170"/>
						<line hits="1" number="173"/>
						<line hits="0" number="176"/>
						<line branch="true" condition-coverage="0% (0/2)" hits="0" missing-branches="178,179" number="177"/>
						<line hits="0" number="178"/>
						<line hits="0" number="179"/>
						<line hits="0" number="182"/>
						<line hits="0" number="184"/>
					</lines>
				</class>
				<class branch-rate="0.4483" complexity="0" filename="subarray.py" line-rate="0.7762" name="subarray.py">
					<methods/>
					<lines>
						<line hits="1" number="2"/>
						<line hits="1" number="8"/>
						<line hits="1" number="9"/>
						<line hits="1" number="10"/>
						<line hits="1" number="11"/>
						<line hits="1" number="12"/>
						<line hits="1" number="14"/>
						<line hits="1" number="16"/>
						<line hits="1" number="17"/>
						<line hits="1" number="19"/>
						<line hits="1" number="20"/>
						<line hits="1" number="21"/>
						<line hits="0" number="22"/>
						<line hits="0" number="23"/>
						<line hits="1" number="26"/>
						<line hits="1" number="27"/>
						<line hits="1" number="28"/>
						<line hits="1" number="30"/>
						<line hits="1" number="33"/>
						<line hits="1" number="49"/>
						<line hits="1" number="57"/>
						<line hits="1" number="64"/>
						<line hits="1" number="71"/>
						<line hits="1" number="78"/>
						<line hits="1" number="86"/>
						<line hits="1" number="94"/>
						<line hits="1" number="105"/>
						<line hits="1" number="107"/>
						<line hits="1" number="109"/>
						<line hits="1" number="110"/>
						<line hits="1" number="113"/>
						<line hits="1" number="114"/>
						<line hits="1" number="115"/>
						<line hits="1" number="116"/>
						<line hits="1" number="119"/>
						<line hits="1" number="120"/>
						<line hits="1" number="121"/>
						<line hits="1" number="122"/>
						<line hits="1" number="125"/>
						<line branch="true" condition-coverage="50% (1/2)" hits="1" missing-branches="129" number="127"/>
						<line hits="0" number="129"/>
						<line hits="0" number="130"/>
						<line hits="1" number="132"/>
						<line hits="1" number="133"/>
						<line hits="1" number="139"/>
						<line hits="1" number="140"/>
						<line hits="1" number="142"/>
						<line hits="1" number="145"/>
						<line hits="1" number="147"/>
						<line hits="1" number="153"/>
						<line hits="1" number="159"/>
						<line hits="1" number="161"/>
						<line hits="1" number="167"/>
						<line hits="1" number="169"/>
						<line hits="1" number="175"/>
						<line hits="1" number="177"/>
						<line hits="1" number="186"/>
						<line hits="1" number="188"/>
						<line hits="0" number="194"/>
						<line branch="true" condition-coverage="0% (0/2)" hits="0" missing-branches="197,208" number="196"/>
						<line branch="true" condition-coverage="0% (0/2)" hits="0" missing-branches="198,208" number="197"/>
						<line hits="0" number="198"/>
						<line hits="0" number="199"/>
						<line branch="true" condition-coverage="0% (0/2)" hits="0" missing-branches="197,201" number="200"/>
						<line hits="0" number="201"/>
						<line branch="true" condition-coverage="0% (0/2)" hits="0" missing-branches="203,205" number="202"/>
						<line hits="0" number="203"/>
						<line hits="0" number="205"/>
						<line hits="0" number="206"/>
						<line hits="0" number="208"/>
						<line hits="1" number="210"/>
						<line hits="0" number="216"/>
						<line branch="true" condition-coverage="0% (0/2)" hits="0" missing-branches="219,222" number="218"/>
						<line branch="true" condition-coverage="0% (0/2)" hits="0" missing-branches="220,222" number="219"/>
						<line hits="0" number="220"/>
						<line hits="0" number="222"/>
						<line hits="1" number="224"/>
						<line hits="1" number="230"/>
						<line hits="1" number="236"/>
						<line hits="1" number="238"/>
						<line hits="1" number="244"/>
						<line hits="1" number="247"/>
						<line hits="1" number="248"/>
						<line hits="1" number="249"/>
						<line hits="1" number="252"/>
						<line hits="1" number="253"/>
						<line hits="1" number="255"/>
						<line hits="1" number="256"/>
						<line hits="1" number="257"/>
						<line hits="1" number="259"/>
						<line hits="1" number="261"/>
						<line hits="1" number="266"/>
						<line hits="1" number="269"/>
						<line hits="1" number="270"/>
						<line hits="1" number="271"/>
						<line hits="1" number="274"/>
						<line hits="1" number="275"/>
						<line branch="true" condition-coverage="100% (2/2)" hits="1" number="277"/>
						<line hits="1" number="278"/>
						<line branch="true" condition-coverage="100% (2/2)" hits="1" number="280"/>
						<line hits="1" number="281"/>
						<line hits="1" number="284"/>
						<line hits="1" number="288"/>
						<line hits="1" number="291"/>
						<line hits="1" number="294"/>
						<line hits="1" number="296"/>
						<line hits="1" number="297"/>
						<line hits="1" number="298"/>
						<line hits="1" number="300"/>
						<line hits="1" number="302"/>
						<line hits="1" number="310"/>
						<line hits="1" number="320"/>
						<line hits="1" number="321"/>
						<line hits="1" number="322"/>
						<line hits="1" number="325"/>
						<line hits="1" number="328"/>
						<line branch="true" condition-coverage="100% (2/2)" hits="1" number="329"/>
						<line hits="1" number="330"/>
						<line hits="1" number="333"/>
						<line branch="true" condition-coverage="100% (2/2)" hits="1" number="336"/>
						<line hits="1" number="339"/>
						<line hits="1" number="340"/>
						<line hits="0" number="344"/>
						<line hits="1" number="347"/>
						<line branch="true" condition-coverage="50% (1/2)" hits="1" missing-branches="352" number="349"/>
						<line hits="0" number="352"/>
						<line hits="0" number="353"/>
						<line hits="0" number="358"/>
						<line hits="1" number="361"/>
						<line branch="true" condition-coverage="50% (1/2)" hits="1" missing-branches="366" number="363"/>
						<line hits="0" number="366"/>
						<line hits="0" number="367"/>
						<line hits="0" number="371"/>
						<line hits="1" number="374"/>
						<line hits="1" number="377"/>
						<line hits="1" number="378"/>
						<line hits="1" number="381"/>
						<line hits="1" number="383"/>
						<line hits="1" number="384"/>
						<line hits="1" number="385"/>
						<line hits="1" number="387"/>
						<line hits="1" number="389"/>
						<line hits="1" number="397"/>
						<line hits="1" number="405"/>
						<line hits="1" number="406"/>
						<line hits="1" number="407"/>
						<line hits="1" number="410"/>
						<line hits="1" number="413"/>
						<line hits="1" number="416"/>
						<line hits="1" number="419"/>
						<line hits="1" number="422"/>
						<line hits="1" number="424"/>
						<line hits="1" number="425"/>
						<line hits="1" number="426"/>
						<line hits="1" number="428"/>
						<line hits="1" number="430"/>
						<line hits="1" number="436"/>
						<line hits="1" number="443"/>
						<line hits="1" number="444"/>
						<line hits="1" number="445"/>
						<line hits="1" number="448"/>
						<line hits="1" number="451"/>
						<line branch="true" condition-coverage="100% (2/2)" hits="1" number="452"/>
						<line hits="1" number="453"/>
						<line hits="1" number="456"/>
						<line branch="true" condition-coverage="100% (2/2)" hits="1" number="458"/>
						<line hits="1" number="461"/>
						<line hits="1" number="462"/>
						<line hits="0" number="467"/>
						<line hits="1" number="470"/>
						<line branch="true" condition-coverage="50% (1/2)" hits="1" missing-branches="475" number="472"/>
						<line hits="0" number="475"/>
						<line hits="0" number="476"/>
						<line hits="0" number="480"/>
						<line hits="1" number="483"/>
						<line hits="1" number="486"/>
						<line hits="1" number="488"/>
						<line hits="1" number="489"/>
						<line hits="1" number="490"/>
						<line hits="1" number="492"/>
						<line hits="1" number="494"/>
						<line hits="1" number="500"/>
						<line hits="1" number="507"/>
						<line hits="1" number="508"/>
						<line hits="1" number="509"/>
						<line hits="1" number="512"/>
						<line branch="true" condition-coverage="100% (2/2)" hits="1" number="513"/>
						<line hits="1" number="514"/>
						<line hits="1" number="517"/>
						<line branch="true" condition-coverage="100% (2/2)" hits="1" number="519"/>
						<line hits="1" number="522"/>
						<line hits="1" number="523"/>
						<line hits="0" number="527"/>
						<line hits="1" number="530"/>
						<line hits="1" number="533"/>
						<line hits="1" number="536"/>
						<line hits="1" number="538"/>
						<line hits="1" number="539"/>
						<line hits="1" number="540"/>
						<line hits="1" number="542"/>
						<line hits="1" number="544"/>
						<line hits="1" number="550"/>
						<line hits="1" number="553"/>
						<line hits="1" number="554"/>
						<line hits="1" number="555"/>
						<line hits="1" number="558"/>
						<line hits="1" number="561"/>
						<line hits="1" number="563"/>
						<line hits="1" number="564"/>
						<line hits="1" number="565"/>
						<line hits="1" number="567"/>
						<line hits="1" number="569"/>
						<line hits="1" number="575"/>
						<line hits="1" number="578"/>
						<line hits="1" number="579"/>
						<line hits="1" number="580"/>
						<line hits="1" number="583"/>
						<line hits="1" number="587"/>
						<line hits="1" number="589"/>
						<line hits="1" number="590"/>
						<line hits="1" number="591"/>
						<line hits="1" number="593"/>
						<line hits="1" number="595"/>
						<line hits="1" number="603"/>
						<line hits="1" number="606"/>
						<line hits="1" number="607"/>
						<line hits="1" number="608"/>
						<line hits="1" number="611"/>
						<line hits="1" number="614"/>
						<line hits="1" number="617"/>
						<line hits="1" number="619"/>
						<line hits="1" number="620"/>
						<line hits="1" number="621"/>
						<line hits="1" number="623"/>
						<line hits="1" number="625"/>
						<line hits="1" number="631"/>
						<line hits="1" number="637"/>
						<line hits="1" number="638"/>
						<line hits="1" number="639"/>
						<line hits="1" number="642"/>
						<line branch="true" condition-coverage="100% (2/2)" hits="1" number="644"/>
						<line hits="1" number="645"/>
						<line hits="1" number="647"/>
						<line hits="1" number="648"/>
						<line hits="1" number="649"/>
						<line hits="0" number="653"/>
						<line hits="1" number="656"/>
						<line hits="1" number="660"/>
						<line hits="1" number="662"/>
						<line hits="1" number="663"/>
						<line hits="1" number="664"/>
						<line hits="1" number="666"/>
						<line hits="1" number="668"/>
						<line hits="1" number="674"/>
						<line hits="1" number="680"/>
						<line hits="1" number="681"/>
						<line hits="1" number="682"/>
						<line hits="1" number="685"/>
						<line branch="true" condition-coverage="50% (1/2)" hits="1" missing-branches="699" number="687"/>
						<line hits="1" number="689"/>
						<line hits="1" number="693"/>
						<line hits="1" number="696"/>
						<line hits="1" number="699"/>
						<line hits="1" number="701"/>
						<line hits="1" number="702"/>
						<line hits="1" number="703"/>
						<line hits="1" number="713"/>
						<line branch="true" condition-coverage="50% (1/2)" hits="1" missing-branches="717" number="715"/>
						<line hits="1" number="716"/>
						<line hits="1" number="717"/>
						<line hits="1" number="718"/>
						<line hits="1" number="720"/>
						<line branch="true" condition-coverage="50% (1/2)" hits="1" missing-branches="724" number="722"/>
						<line hits="1" number="723"/>
						<line hits="1" number="724"/>
						<line hits="1" number="725"/>
						<line hits="1" number="727"/>
						<line branch="true" condition-coverage="50% (1/2)" hits="1" missing-branches="731" number="729"/>
						<line hits="1" number="730"/>
						<line hits="1" number="731"/>
						<line hits="1" number="732"/>
						<line hits="1" number="734"/>
						<line hits="1" number="736"/>
						<line hits="1" number="737"/>
						<line hits="1" number="740"/>
						<line hits="1" number="758"/>
						<line branch="true" condition-coverage="100% (2/2)" hits="1" number="763"/>
						<line hits="1" number="765"/>
						<line hits="1" number="766"/>
						<line hits="1" number="769"/>
						<line hits="1" number="771"/>
						<line hits="1" number="782"/>
						<line hits="1" number="785"/>
						<line hits="1" number="787"/>
						<line branch="true" condition-coverage="50% (1/2)" hits="1" missing-branches="790" number="789"/>
						<line hits="0" number="790"/>
						<line hits="1" number="791"/>
						<line hits="1" number="792"/>
						<line hits="1" number="793"/>
						<line hits="1" number="794"/>
						<line hits="1" number="795"/>
						<line branch="true" condition-coverage="50% (1/2)" hits="1" missing-branches="797" number="796"/>
						<line hits="0" number="797"/>
						<line hits="0" number="799"/>
						<line hits="1" number="800"/>
						<line hits="1" number="801"/>
						<line hits="1" number="803"/>
						<line branch="true" condition-coverage="100% (2/2)" hits="1" number="805"/>
						<line hits="1" number="806"/>
						<line hits="1" number="808"/>
						<line hits="1" number="810"/>
						<line hits="1" number="819"/>
						<line branch="true" condition-coverage="100% (2/2)" hits="1" number="820"/>
						<line hits="1" number="821"/>
						<line hits="1" number="822"/>
						<line branch="true" condition-coverage="50% (1/2)" hits="1" missing-branches="826" number="825"/>
						<line branch="true" condition-coverage="0% (0/2)" hits="0" missing-branches="827,834" number="826"/>
						<line hits="0" number="827"/>
						<line hits="0" number="828"/>
						<line hits="1" number="830"/>
						<line hits="1" number="831"/>
						<line hits="1" number="834"/>
						<line branch="true" condition-coverage="50% (1/2)" hits="1" missing-branches="836" number="835"/>
						<line hits="0" number="836"/>
						<line hits="0" number="837"/>
						<line branch="true" condition-coverage="100% (2/2)" hits="1" number="838"/>
						<line branch="true" condition-coverage="50% (1/2)" hits="1" missing-branches="840" number="839"/>
						<line hits="0" number="840"/>
						<line branch="true" condition-coverage="0% (0/2)" hits="0" missing-branches="842,844" number="841"/>
						<line hits="0" number="842"/>
						<line hits="1" number="844"/>
						<line hits="1" number="846"/>
						<line hits="1" number="856"/>
						<line hits="1" number="858"/>
						<line hits="1" number="872"/>
						<line branch="true" condition-coverage="100% (2/2)" hits="1" number="874"/>
						<line hits="1" number="875"/>
						<line hits="1" number="876"/>
						<line hits="1" number="880"/>
						<line hits="1" number="881"/>
						<line branch="true" condition-coverage="100% (2/2)" hits="1" number="882"/>
						<line hits="1" number="883"/>
						<line branch="true" condition-coverage="50% (1/2)" hits="1" missing-branches="887" number="884"/>
						<line hits="1" number="885"/>
						<line hits="0" number="887"/>
						<line hits="1" number="889"/>
						<line branch="true" condition-coverage="100% (2/2)" hits="1" number="891"/>
						<line branch="true" condition-coverage="50% (1/2)" hits="1" missing-branches="893" number="892"/>
						<line hits="0" number="893"/>
						<line hits="0" number="895"/>
						<line branch="true" condition-coverage="50% (1/2)" hits="1" missing-branches="902" number="896"/>
						<line hits="1" number="897"/>
						<line hits="1" number="899"/>
						<line hits="1" number="902"/>
						<line hits="1" number="911"/>
						<line hits="1" number="913"/>
						<line hits="1" number="915"/>
						<line branch="true" condition-coverage="50% (1/2)" hits="1" missing-branches="928" number="926"/>
						<line hits="0" number="928"/>
						<line hits="0" number="929"/>
						<line branch="true" condition-coverage="0% (0/2)" hits="0" missing-branches="933,934" number="932"/>
						<line hits="0" number="933"/>
						<line hits="0" number="934"/>
						<line branch="true" condition-coverage="0% (0/2)" hits="0" missing-branches="938,941" number="937"/>
						<line hits="0" number="938"/>
						<line branch="true" condition-coverage="0% (0/2)" hits="0" missing-branches="exit,942" number="941"/>
						<line branch="true" condition-coverage="0% (0/2)" hits="0" missing-branches="943,948" number="942"/>
						<line hits="0" number="943"/>
						<line hits="0" number="944"/>
						<line branch="true" condition-coverage="0% (0/2)" hits="0" missing-branches="949,952" number="948"/>
						<line hits="0" number="949"/>
						<line hits="0" number="952"/>
						<line hits="1" number="954"/>
						<line hits="1" number="956"/>
						<line branch="true" condition-coverage="50% (1/2)" hits="1" missing-branches="967" number="966"/>
						<line branch="true" condition-coverage="0% (0/2)" hits="0" missing-branches="exit,968" number="967"/>
						<line hits="0" number="968"/>
						<line hits="0" number="969"/>
						<line branch="true" condition-coverage="0% (0/2)" hits="0" missing-branches="967,971" number="970"/>
						<line hits="0" number="971"/>
						<line hits="1" number="973"/>
						<line branch="true" condition-coverage="50% (1/2)" hits="1" missing-branches="980" number="979"/>
						<line branch="true" condition-coverage="0% (0/2)" hits="0" missing-branches="exit,981" number="980"/>
						<line hits="0" number="981"/>
						<line hits="0" number="982"/>
						<line hits="0" number="983"/>
						<line hits="1" number="985"/>
						<line branch="true" condition-coverage="50% (1/2)" hits="1" missing-branches="1000" number="997"/>
						<line hits="1" number="998"/>
						<line hits="0" number="1000"/>
						<line branch="true" condition-coverage="0% (0/2)" hits="0" missing-branches="1004,1010" number="1003"/>
						<line hits="0" number="1004"/>
						<line hits="0" number="1005"/>
						<line branch="true" condition-coverage="0% (0/2)" hits="0" missing-branches="1003,1007" number="1006"/>
						<line hits="0" number="1007"/>
						<line branch="true" condition-coverage="0% (0/2)" hits="0" missing-branches="1011,1019" number="1010"/>
						<line hits="0" number="1011"/>
						<line branch="true" condition-coverage="0% (0/2)" hits="0" missing-branches="1013,1015" number="1012"/>
						<line hits="0" number="1013"/>
						<line hits="0" number="1014"/>
						<line hits="0" number="1015"/>
						<line branch="true" condition-coverage="0% (0/2)" hits="0" missing-branches="1010,1017" number="1016"/>
						<line hits="0" number="1017"/>
						<line hits="0" number="1019"/>
						<line hits="1" number="1022"/>
						<line hits="0" number="1025"/>
						<line branch="true" condition-coverage="0% (0/2)" hits="0" missing-branches="1027,1028" number="1026"/>
						<line hits="0" number="1027"/>
						<line hits="0" number="1028"/>
						<line hits="0" number="1031"/>
						<line hits="0" number="1033"/>
					</lines>
				</class>
				<class branch-rate="1" complexity="0" filename="util.py" line-rate="0.6667" name="util.py">
					<methods/>
					<lines>
						<line hits="1" number="3"/>
						<line hits="1" number="6"/>
						<line hits="0" number="9"/>
					</lines>
				</class>
			</classes>
		</package>
	</packages>
</coverage>
