<?xml version="1.0" ?>
<coverage branch-rate="0.04487" branches-covered="7" branches-valid="156" complexity="0" line-rate="0.2757" lines-covered="161" lines-valid="584" timestamp="1596027938723" version="5.1">
	<!-- Generated by coverage.py: https://coverage.readthedocs.io -->
	<!-- Based on https://raw.githubusercontent.com/cobertura/web/master/htdocs/xml/coverage-04.dtd -->
	<sources>
		<source>/app/ska_sdp_lmc</source>
	</sources>
	<packages>
		<package branch-rate="0.04487" complexity="0" line-rate="0.2757" name=".">
			<classes>
				<class branch-rate="0" complexity="0" filename="attributes.py" line-rate="0" name="attributes.py">
					<methods/>
					<lines>
						<line hits="0" number="5"/>
						<line branch="true" condition-coverage="0% (0/2)" hits="0" missing-branches="9,10" number="8"/>
						<line hits="0" number="9"/>
						<line hits="0" number="12"/>
						<line hits="0" number="13"/>
						<line hits="0" number="14"/>
						<line hits="0" number="15"/>
						<line hits="0" number="16"/>
						<line branch="true" condition-coverage="0% (0/2)" hits="0" missing-branches="20,21" number="19"/>
						<line hits="0" number="20"/>
						<line hits="0" number="23"/>
						<line hits="0" number="24"/>
						<line hits="0" number="25"/>
						<line hits="0" number="26"/>
						<line branch="true" condition-coverage="0% (0/2)" hits="0" missing-branches="30,31" number="29"/>
						<line hits="0" number="30"/>
						<line hits="0" number="33"/>
						<line hits="0" number="34"/>
						<line hits="0" number="35"/>
						<line hits="0" number="36"/>
						<line hits="0" number="37"/>
						<line hits="0" number="38"/>
						<line hits="0" number="39"/>
						<line hits="0" number="40"/>
						<line hits="0" number="41"/>
						<line hits="0" number="42"/>
						<line hits="0" number="43"/>
					</lines>
				</class>
				<class branch-rate="0.25" complexity="0" filename="base.py" line-rate="0.587" name="base.py">
					<methods/>
					<lines>
						<line hits="1" number="3"/>
						<line hits="1" number="4"/>
						<line hits="1" number="6"/>
						<line hits="1" number="7"/>
						<line hits="1" number="9"/>
						<line hits="1" number="11"/>
						<line hits="1" number="14"/>
						<line hits="1" number="21"/>
						<line hits="1" number="27"/>
						<line hits="1" number="38"/>
						<line hits="1" number="40"/>
						<line hits="1" number="41"/>
						<line hits="1" number="47"/>
						<line hits="0" number="49"/>
						<line hits="1" number="55"/>
						<line hits="1" number="56"/>
						<line branch="true" condition-coverage="50% (1/2)" hits="1" missing-branches="63" number="62"/>
						<line hits="0" number="63"/>
						<line hits="0" number="64"/>
						<line hits="0" number="65"/>
						<line hits="1" number="66"/>
						<line branch="true" condition-coverage="50% (1/2)" hits="1" missing-branches="68" number="67"/>
						<line hits="0" number="68"/>
						<line hits="1" number="70"/>
						<line hits="1" number="71"/>
						<line hits="1" number="73"/>
						<line hits="1" number="74"/>
						<line branch="true" condition-coverage="50% (1/2)" hits="1" missing-branches="82" number="81"/>
						<line hits="0" number="82"/>
						<line hits="0" number="83"/>
						<line hits="0" number="84"/>
						<line hits="1" number="85"/>
						<line hits="1" number="91"/>
						<line hits="0" number="98"/>
						<line hits="1" number="100"/>
						<line branch="true" condition-coverage="0% (0/2)" hits="0" missing-branches="110,111" number="109"/>
						<line hits="0" number="110"/>
						<line hits="0" number="111"/>
						<line branch="true" condition-coverage="0% (0/2)" hits="0" missing-branches="113,114" number="112"/>
						<line hits="0" number="113"/>
						<line hits="0" number="114"/>
						<line hits="1" number="116"/>
						<line branch="true" condition-coverage="0% (0/2)" hits="0" missing-branches="127,130" number="126"/>
						<line hits="0" number="127"/>
						<line hits="0" number="130"/>
						<line hits="0" number="132"/>
					</lines>
				</class>
				<class branch-rate="0" complexity="0" filename="master.py" line-rate="0.3951" name="master.py">
					<methods/>
					<lines>
						<line hits="1" number="5"/>
						<line hits="1" number="6"/>
						<line hits="1" number="7"/>
						<line hits="1" number="9"/>
						<line hits="1" number="10"/>
						<line hits="1" number="12"/>
						<line hits="1" number="14"/>
						<line hits="1" number="15"/>
						<line hits="1" number="16"/>
						<line hits="1" number="18"/>
						<line hits="1" number="21"/>
						<line hits="1" number="31"/>
						<line hits="1" number="42"/>
						<line hits="1" number="44"/>
						<line hits="1" number="45"/>
						<line hits="1" number="46"/>
						<line hits="1" number="48"/>
						<line hits="1" number="49"/>
						<line hits="1" number="50"/>
						<line hits="1" number="52"/>
						<line hits="1" number="57"/>
						<line hits="1" number="66"/>
						<line hits="0" number="71"/>
						<line hits="1" number="77"/>
						<line hits="0" number="79"/>
						<line hits="1" number="84"/>
						<line hits="0" number="87"/>
						<line hits="0" number="88"/>
						<line hits="0" number="89"/>
						<line hits="0" number="90"/>
						<line hits="0" number="91"/>
						<line hits="0" number="92"/>
						<line hits="0" number="93"/>
						<line hits="1" number="95"/>
						<line hits="0" number="97"/>
						<line hits="1" number="102"/>
						<line hits="0" number="105"/>
						<line hits="0" number="106"/>
						<line hits="0" number="107"/>
						<line hits="0" number="108"/>
						<line hits="0" number="109"/>
						<line hits="0" number="110"/>
						<line hits="0" number="111"/>
						<line hits="1" number="113"/>
						<line hits="0" number="115"/>
						<line hits="1" number="120"/>
						<line hits="0" number="123"/>
						<line hits="0" number="124"/>
						<line hits="0" number="125"/>
						<line hits="0" number="126"/>
						<line hits="0" number="127"/>
						<line hits="0" number="128"/>
						<line hits="0" number="129"/>
						<line hits="1" number="131"/>
						<line hits="0" number="133"/>
						<line hits="1" number="138"/>
						<line hits="0" number="141"/>
						<line hits="0" number="142"/>
						<line hits="0" number="143"/>
						<line hits="0" number="144"/>
						<line hits="0" number="145"/>
						<line hits="0" number="146"/>
						<line hits="0" number="147"/>
						<line hits="1" number="153"/>
						<line hits="0" number="164"/>
						<line hits="0" number="165"/>
						<line branch="true" condition-coverage="0% (0/2)" hits="0" missing-branches="169,174" number="168"/>
						<line branch="true" condition-coverage="0% (0/2)" hits="0" missing-branches="170,174" number="169"/>
						<line hits="0" number="170"/>
						<line hits="0" number="171"/>
						<line branch="true" condition-coverage="0% (0/2)" hits="0" missing-branches="176,180" number="174"/>
						<line hits="0" number="176"/>
						<line hits="0" number="177"/>
						<line hits="0" number="180"/>
						<line hits="1" number="183"/>
						<line hits="0" number="186"/>
						<line branch="true" condition-coverage="0% (0/2)" hits="0" missing-branches="188,189" number="187"/>
						<line hits="0" number="188"/>
						<line hits="0" number="189"/>
						<line hits="0" number="192"/>
						<line hits="0" number="194"/>
					</lines>
				</class>
				<class branch-rate="0.03077" complexity="0" filename="subarray.py" line-rate="0.2342" name="subarray.py">
					<methods/>
					<lines>
						<line hits="1" number="2"/>
						<line hits="1" number="8"/>
						<line hits="1" number="9"/>
						<line hits="1" number="10"/>
						<line hits="1" number="11"/>
						<line hits="1" number="12"/>
						<line hits="1" number="14"/>
						<line hits="1" number="16"/>
						<line hits="1" number="17"/>
						<line hits="1" number="19"/>
						<line hits="1" number="20"/>
						<line hits="1" number="21"/>
						<line hits="0" number="22"/>
						<line hits="0" number="23"/>
						<line hits="1" number="26"/>
						<line hits="1" number="27"/>
						<line hits="1" number="28"/>
						<line hits="1" number="30"/>
						<line hits="1" number="33"/>
						<line hits="1" number="49"/>
						<line hits="1" number="57"/>
						<line hits="1" number="64"/>
						<line hits="1" number="71"/>
						<line hits="1" number="78"/>
						<line hits="1" number="86"/>
						<line hits="1" number="94"/>
						<line hits="1" number="105"/>
						<line hits="1" number="107"/>
						<line hits="1" number="109"/>
						<line hits="1" number="110"/>
						<line hits="1" number="113"/>
						<line hits="1" number="114"/>
						<line hits="1" number="115"/>
						<line hits="1" number="116"/>
						<line hits="1" number="119"/>
						<line hits="1" number="120"/>
						<line hits="1" number="121"/>
						<line hits="1" number="122"/>
						<line hits="1" number="125"/>
						<line branch="true" condition-coverage="50% (1/2)" hits="1" missing-branches="129" number="127"/>
						<line hits="0" number="129"/>
						<line hits="0" number="130"/>
						<line hits="1" number="132"/>
						<line hits="1" number="133"/>
						<line hits="1" number="139"/>
						<line hits="1" number="140"/>
						<line hits="1" number="142"/>
						<line hits="1" number="145"/>
						<line hits="0" number="147"/>
						<line hits="1" number="153"/>
						<line hits="0" number="159"/>
						<line hits="1" number="161"/>
						<line hits="0" number="167"/>
						<line hits="1" number="169"/>
						<line hits="0" number="175"/>
						<line hits="1" number="177"/>
						<line hits="0" number="186"/>
						<line hits="1" number="188"/>
						<line hits="0" number="194"/>
						<line branch="true" condition-coverage="0% (0/2)" hits="0" missing-branches="197,208" number="196"/>
						<line branch="true" condition-coverage="0% (0/2)" hits="0" missing-branches="198,208" number="197"/>
						<line hits="0" number="198"/>
						<line hits="0" number="199"/>
						<line branch="true" condition-coverage="0% (0/2)" hits="0" missing-branches="197,201" number="200"/>
						<line hits="0" number="201"/>
						<line branch="true" condition-coverage="0% (0/2)" hits="0" missing-branches="203,205" number="202"/>
						<line hits="0" number="203"/>
						<line hits="0" number="205"/>
						<line hits="0" number="206"/>
						<line hits="0" number="208"/>
						<line hits="1" number="210"/>
						<line hits="0" number="216"/>
						<line branch="true" condition-coverage="0% (0/2)" hits="0" missing-branches="219,222" number="218"/>
						<line branch="true" condition-coverage="0% (0/2)" hits="0" missing-branches="220,222" number="219"/>
						<line hits="0" number="220"/>
						<line hits="0" number="222"/>
						<line hits="1" number="224"/>
						<line hits="0" number="230"/>
						<line hits="1" number="236"/>
						<line hits="0" number="238"/>
						<line hits="1" number="244"/>
						<line hits="0" number="247"/>
						<line hits="0" number="248"/>
						<line hits="0" number="249"/>
						<line hits="0" number="252"/>
						<line hits="0" number="253"/>
						<line hits="0" number="255"/>
						<line hits="0" number="256"/>
						<line hits="0" number="257"/>
						<line hits="1" number="259"/>
						<line hits="0" number="261"/>
						<line hits="1" number="266"/>
						<line hits="0" number="269"/>
						<line hits="0" number="270"/>
						<line hits="0" number="271"/>
						<line hits="0" number="274"/>
						<line hits="0" number="275"/>
						<line branch="true" condition-coverage="0% (0/2)" hits="0" missing-branches="278,296" number="277"/>
						<line hits="0" number="278"/>
						<line branch="true" condition-coverage="0% (0/2)" hits="0" missing-branches="281,294" number="280"/>
						<line hits="0" number="281"/>
						<line hits="0" number="284"/>
						<line hits="0" number="288"/>
						<line hits="0" number="291"/>
						<line hits="0" number="294"/>
						<line hits="0" number="296"/>
						<line hits="0" number="297"/>
						<line hits="0" number="298"/>
						<line hits="1" number="300"/>
						<line hits="0" number="302"/>
						<line hits="1" number="310"/>
						<line hits="0" number="320"/>
						<line hits="0" number="321"/>
						<line hits="0" number="322"/>
						<line hits="0" number="325"/>
						<line hits="0" number="328"/>
						<line branch="true" condition-coverage="0% (0/2)" hits="0" missing-branches="330,333" number="329"/>
						<line hits="0" number="330"/>
						<line hits="0" number="333"/>
						<line branch="true" condition-coverage="0% (0/2)" hits="0" missing-branches="339,347" number="336"/>
						<line hits="0" number="339"/>
						<line hits="0" number="340"/>
						<line hits="0" number="344"/>
						<line hits="0" number="347"/>
						<line branch="true" condition-coverage="0% (0/2)" hits="0" missing-branches="352,361" number="349"/>
						<line hits="0" number="352"/>
						<line hits="0" number="353"/>
						<line hits="0" number="358"/>
						<line hits="0" number="361"/>
						<line branch="true" condition-coverage="0% (0/2)" hits="0" missing-branches="366,374" number="363"/>
						<line hits="0" number="366"/>
						<line hits="0" number="367"/>
						<line hits="0" number="371"/>
						<line hits="0" number="374"/>
						<line hits="0" number="377"/>
						<line hits="0" number="378"/>
						<line hits="0" number="381"/>
						<line hits="0" number="383"/>
						<line hits="0" number="384"/>
						<line hits="0" number="385"/>
						<line hits="1" number="387"/>
						<line hits="0" number="389"/>
						<line hits="1" number="397"/>
						<line hits="0" number="405"/>
						<line hits="0" number="406"/>
						<line hits="0" number="407"/>
						<line hits="0" number="410"/>
						<line hits="0" number="413"/>
						<line hits="0" number="416"/>
						<line hits="0" number="419"/>
						<line hits="0" number="422"/>
						<line hits="0" number="424"/>
						<line hits="0" number="425"/>
						<line hits="0" number="426"/>
						<line hits="1" number="428"/>
						<line hits="0" number="430"/>
						<line hits="1" number="436"/>
						<line hits="0" number="443"/>
						<line hits="0" number="444"/>
						<line hits="0" number="445"/>
						<line hits="0" number="448"/>
						<line hits="0" number="451"/>
						<line branch="true" condition-coverage="0% (0/2)" hits="0" missing-branches="453,456" number="452"/>
						<line hits="0" number="453"/>
						<line hits="0" number="456"/>
						<line branch="true" condition-coverage="0% (0/2)" hits="0" missing-branches="461,470" number="458"/>
						<line hits="0" number="461"/>
						<line hits="0" number="462"/>
						<line hits="0" number="467"/>
						<line hits="0" number="470"/>
						<line branch="true" condition-coverage="0% (0/2)" hits="0" missing-branches="475,483" number="472"/>
						<line hits="0" number="475"/>
						<line hits="0" number="476"/>
						<line hits="0" number="480"/>
						<line hits="0" number="483"/>
						<line hits="0" number="486"/>
						<line hits="0" number="488"/>
						<line hits="0" number="489"/>
						<line hits="0" number="490"/>
						<line hits="1" number="492"/>
						<line hits="0" number="494"/>
						<line hits="1" number="500"/>
						<line hits="0" number="507"/>
						<line hits="0" number="508"/>
						<line hits="0" number="509"/>
						<line hits="0" number="512"/>
						<line branch="true" condition-coverage="0% (0/2)" hits="0" missing-branches="514,517" number="513"/>
						<line hits="0" number="514"/>
						<line hits="0" number="517"/>
						<line branch="true" condition-coverage="0% (0/2)" hits="0" missing-branches="522,530" number="519"/>
						<line hits="0" number="522"/>
						<line hits="0" number="523"/>
						<line hits="0" number="527"/>
						<line hits="0" number="530"/>
						<line hits="0" number="533"/>
						<line hits="0" number="536"/>
						<line hits="0" number="538"/>
						<line hits="0" number="539"/>
						<line hits="0" number="540"/>
						<line hits="1" number="542"/>
						<line hits="0" number="544"/>
						<line hits="1" number="550"/>
						<line hits="0" number="553"/>
						<line hits="0" number="554"/>
						<line hits="0" number="555"/>
						<line hits="0" number="558"/>
						<line hits="0" number="561"/>
						<line hits="0" number="563"/>
						<line hits="0" number="564"/>
						<line hits="0" number="565"/>
						<line hits="1" number="567"/>
						<line hits="0" number="569"/>
						<line hits="1" number="575"/>
						<line hits="0" number="578"/>
						<line hits="0" number="579"/>
						<line hits="0" number="580"/>
						<line hits="0" number="583"/>
						<line hits="0" number="587"/>
						<line hits="0" number="589"/>
						<line hits="0" number="590"/>
						<line hits="0" number="591"/>
						<line hits="1" number="593"/>
						<line hits="0" number="595"/>
						<line hits="1" number="603"/>
						<line hits="0" number="606"/>
						<line hits="0" number="607"/>
						<line hits="0" number="608"/>
						<line hits="0" number="611"/>
						<line hits="0" number="614"/>
						<line hits="0" number="617"/>
						<line hits="0" number="619"/>
						<line hits="0" number="620"/>
						<line hits="0" number="621"/>
						<line hits="1" number="623"/>
						<line hits="0" number="625"/>
						<line hits="1" number="631"/>
						<line hits="0" number="637"/>
						<line hits="0" number="638"/>
						<line hits="0" number="639"/>
						<line hits="0" number="642"/>
						<line branch="true" condition-coverage="0% (0/2)" hits="0" missing-branches="645,656" number="644"/>
						<line hits="0" number="645"/>
						<line hits="0" number="647"/>
						<line hits="0" number="648"/>
						<line hits="0" number="649"/>
						<line hits="0" number="653"/>
						<line hits="0" number="656"/>
						<line hits="0" number="660"/>
						<line hits="0" number="662"/>
						<line hits="0" number="663"/>
						<line hits="0" number="664"/>
						<line hits="1" number="666"/>
						<line hits="0" number="668"/>
						<line hits="1" number="674"/>
						<line hits="0" number="680"/>
						<line hits="0" number="681"/>
						<line hits="0" number="682"/>
						<line hits="0" number="685"/>
						<line branch="true" condition-coverage="0% (0/2)" hits="0" missing-branches="689,699" number="687"/>
						<line hits="0" number="689"/>
						<line hits="0" number="693"/>
						<line hits="0" number="696"/>
						<line hits="0" number="699"/>
						<line hits="0" number="701"/>
						<line hits="0" number="702"/>
						<line hits="0" number="703"/>
						<line hits="1" number="713"/>
						<line branch="true" condition-coverage="50% (1/2)" hits="1" missing-branches="717" number="715"/>
						<line hits="1" number="716"/>
						<line hits="1" number="717"/>
						<line hits="1" number="718"/>
						<line hits="1" number="720"/>
						<line branch="true" condition-coverage="50% (1/2)" hits="1" missing-branches="724" number="722"/>
						<line hits="1" number="723"/>
						<line hits="1" number="724"/>
						<line hits="1" number="725"/>
						<line hits="1" number="727"/>
						<line branch="true" condition-coverage="50% (1/2)" hits="1" missing-branches="731" number="729"/>
						<line hits="1" number="730"/>
						<line hits="1" number="731"/>
						<line hits="1" number="732"/>
						<line hits="1" number="734"/>
						<line hits="1" number="736"/>
						<line hits="1" number="737"/>
						<line hits="1" number="740"/>
						<line hits="0" number="759"/>
						<line hits="0" number="760"/>
						<line branch="true" condition-coverage="0% (0/2)" hits="0" missing-branches="764,770" number="763"/>
						<line branch="true" condition-coverage="0% (0/2)" hits="0" missing-branches="765,770" number="764"/>
						<line hits="0" number="765"/>
						<line hits="0" number="766"/>
						<line branch="true" condition-coverage="0% (0/2)" hits="0" missing-branches="771,777" number="770"/>
						<line branch="true" condition-coverage="0% (0/2)" hits="0" missing-branches="772,777" number="771"/>
						<line hits="0" number="772"/>
						<line hits="0" number="773"/>
						<line branch="true" condition-coverage="0% (0/2)" hits="0" missing-branches="778,786" number="777"/>
						<line hits="0" number="778"/>
						<line branch="true" condition-coverage="0% (0/2)" hits="0" missing-branches="780,781" number="779"/>
						<line hits="0" number="780"/>
						<line branch="true" condition-coverage="0% (0/2)" hits="0" missing-branches="782,786" number="781"/>
						<line hits="0" number="782"/>
						<line hits="0" number="783"/>
						<line branch="true" condition-coverage="0% (0/2)" hits="0" missing-branches="788,792" number="786"/>
						<line hits="0" number="788"/>
						<line hits="0" number="789"/>
						<line hits="0" number="792"/>
						<line hits="1" number="794"/>
						<line hits="0" number="805"/>
						<line hits="0" number="808"/>
						<line hits="0" number="810"/>
						<line branch="true" condition-coverage="0% (0/2)" hits="0" missing-branches="813,814" number="812"/>
						<line hits="0" number="813"/>
						<line hits="0" number="814"/>
						<line hits="0" number="815"/>
						<line hits="0" number="816"/>
						<line hits="0" number="817"/>
						<line hits="0" number="818"/>
						<line branch="true" condition-coverage="0% (0/2)" hits="0" missing-branches="820,823" number="819"/>
						<line hits="0" number="820"/>
						<line hits="0" number="822"/>
						<line hits="0" number="823"/>
						<line hits="0" number="824"/>
						<line hits="0" number="826"/>
						<line branch="true" condition-coverage="0% (0/2)" hits="0" missing-branches="829,831" number="828"/>
						<line hits="0" number="829"/>
						<line hits="0" number="831"/>
						<line hits="1" number="833"/>
						<line hits="0" number="842"/>
						<line branch="true" condition-coverage="0% (0/2)" hits="0" missing-branches="exit,844" number="843"/>
						<line hits="0" number="844"/>
						<line hits="0" number="845"/>
						<line branch="true" condition-coverage="0% (0/2)" hits="0" missing-branches="849,853" number="848"/>
						<line branch="true" condition-coverage="0% (0/2)" hits="0" missing-branches="850,857" number="849"/>
						<line hits="0" number="850"/>
						<line hits="0" number="851"/>
						<line hits="0" number="853"/>
						<line hits="0" number="854"/>
						<line hits="0" number="857"/>
						<line branch="true" condition-coverage="0% (0/2)" hits="0" missing-branches="859,861" number="858"/>
						<line hits="0" number="859"/>
						<line hits="0" number="860"/>
						<line branch="true" condition-coverage="0% (0/2)" hits="0" missing-branches="exit,862" number="861"/>
						<line branch="true" condition-coverage="0% (0/2)" hits="0" missing-branches="863,867" number="862"/>
						<line hits="0" number="863"/>
						<line branch="true" condition-coverage="0% (0/2)" hits="0" missing-branches="865,867" number="864"/>
						<line hits="0" number="865"/>
						<line hits="0" number="867"/>
						<line hits="1" number="869"/>
						<line hits="0" number="879"/>
						<line hits="0" number="881"/>
						<line hits="0" number="895"/>
						<line branch="true" condition-coverage="0% (0/2)" hits="0" missing-branches="898,934" number="897"/>
						<line hits="0" number="898"/>
						<line hits="0" number="899"/>
						<line hits="0" number="903"/>
						<line hits="0" number="904"/>
						<line branch="true" condition-coverage="0% (0/2)" hits="0" missing-branches="906,907" number="905"/>
						<line hits="0" number="906"/>
						<line branch="true" condition-coverage="0% (0/2)" hits="0" missing-branches="908,910" number="907"/>
						<line hits="0" number="908"/>
						<line hits="0" number="910"/>
						<line hits="0" number="912"/>
						<line branch="true" condition-coverage="0% (0/2)" hits="0" missing-branches="915,922" number="914"/>
						<line branch="true" condition-coverage="0% (0/2)" hits="0" missing-branches="916,919" number="915"/>
						<line hits="0" number="916"/>
						<line hits="0" number="918"/>
						<line branch="true" condition-coverage="0% (0/2)" hits="0" missing-branches="920,925" number="919"/>
						<line hits="0" number="920"/>
						<line hits="0" number="922"/>
						<line hits="0" number="925"/>
						<line hits="0" number="934"/>
						<line hits="0" number="936"/>
						<line hits="1" number="938"/>
						<line branch="true" condition-coverage="0% (0/2)" hits="0" missing-branches="951,977" number="949"/>
						<line hits="0" number="951"/>
						<line hits="0" number="952"/>
						<line branch="true" condition-coverage="0% (0/2)" hits="0" missing-branches="956,957" number="955"/>
						<line hits="0" number="956"/>
						<line hits="0" number="957"/>
						<line branch="true" condition-coverage="0% (0/2)" hits="0" missing-branches="961,964" number="960"/>
						<line hits="0" number="961"/>
						<line branch="true" condition-coverage="0% (0/2)" hits="0" missing-branches="exit,965" number="964"/>
						<line branch="true" condition-coverage="0% (0/2)" hits="0" missing-branches="966,971" number="965"/>
						<line hits="0" number="966"/>
						<line hits="0" number="967"/>
						<line branch="true" condition-coverage="0% (0/2)" hits="0" missing-branches="972,975" number="971"/>
						<line hits="0" number="972"/>
						<line hits="0" number="975"/>
						<line hits="0" number="977"/>
						<line hits="1" number="979"/>
						<line branch="true" condition-coverage="0% (0/2)" hits="0" missing-branches="exit,990" number="989"/>
						<line branch="true" condition-coverage="0% (0/2)" hits="0" missing-branches="exit,991" number="990"/>
						<line hits="0" number="991"/>
						<line hits="0" number="992"/>
						<line branch="true" condition-coverage="0% (0/2)" hits="0" missing-branches="990,994" number="993"/>
						<line hits="0" number="994"/>
						<line hits="1" number="996"/>
						<line branch="true" condition-coverage="0% (0/2)" hits="0" missing-branches="exit,1003" number="1002"/>
						<line branch="true" condition-coverage="0% (0/2)" hits="0" missing-branches="exit,1004" number="1003"/>
						<line hits="0" number="1004"/>
						<line hits="0" number="1005"/>
						<line hits="0" number="1006"/>
						<line hits="1" number="1008"/>
						<line branch="true" condition-coverage="0% (0/2)" hits="0" missing-branches="1021,1023" number="1020"/>
						<line hits="0" number="1021"/>
						<line hits="0" number="1023"/>
						<line branch="true" condition-coverage="0% (0/2)" hits="0" missing-branches="1027,1033" number="1026"/>
						<line hits="0" number="1027"/>
						<line hits="0" number="1028"/>
						<line branch="true" condition-coverage="0% (0/2)" hits="0" missing-branches="1026,1030" number="1029"/>
						<line hits="0" number="1030"/>
						<line branch="true" condition-coverage="0% (0/2)" hits="0" missing-branches="1034,1042" number="1033"/>
						<line hits="0" number="1034"/>
						<line branch="true" condition-coverage="0% (0/2)" hits="0" missing-branches="1036,1038" number="1035"/>
						<line hits="0" number="1036"/>
						<line hits="0" number="1037"/>
						<line hits="0" number="1038"/>
						<line branch="true" condition-coverage="0% (0/2)" hits="0" missing-branches="1033,1040" number="1039"/>
						<line hits="0" number="1040"/>
						<line hits="0" number="1042"/>
						<line hits="1" number="1045"/>
						<line hits="0" number="1048"/>
						<line branch="true" condition-coverage="0% (0/2)" hits="0" missing-branches="1050,1051" number="1049"/>
						<line hits="0" number="1050"/>
						<line hits="0" number="1051"/>
						<line hits="0" number="1054"/>
						<line hits="0" number="1056"/>
					</lines>
				</class>
				<class branch-rate="1" complexity="0" filename="util.py" line-rate="0.6667" name="util.py">
					<methods/>
					<lines>
						<line hits="1" number="3"/>
						<line hits="1" number="6"/>
						<line hits="0" number="9"/>
					</lines>
				</class>
			</classes>
		</package>
	</packages>
</coverage>
